# JRE version: OpenJDK Runtime Environment (19.0.1+10) (build 19.0.1+10-21)
# Java VM: OpenJDK 64-Bit Server VM (19.0.1+10-21, mixed mode, emulated-client, sharing, tiered, compressed oops, compressed class ptrs, g1 gc, windows-amd64)
GC Precious Log:
 CardTable entry size: 512
 Card Set container configuration: InlinePtr #cards 5 size 8 Array Of Cards #cards 12 size 40 Howl #buckets 4 coarsen threshold 1843 Howl Bitmap #cards 512 size 80 coarsen threshold 460 Card regions per heap region 1 cards per card region 2048
 CPUs: 4 total, 4 available
 Memory: 3930M
 Large Page Support: Disabled
 NUMA Support: Disabled
 Compressed Oops: Enabled (32-bit)
 Heap Region Size: 1M
 Heap Min Capacity: 8M
 Heap Initial Capacity: 62M
 Heap Max Capacity: 984M
 Pre-touch: Disabled
 Parallel Workers: 4
 Concurrent Workers: 1
 Concurrent Refinement Workers: 4
 Periodic GC: Disabled
Heap:
 garbage-first heap   total 63488K, used 31207K [0x00000000c2800000, 0x0000000100000000)
  region size 1024K, 25 young (25600K), 2 survivors (2048K)
 Metaspace       used 17930K, committed 18304K, reserved 1114112K
  class space    used 2279K, committed 2496K, reserved 1048576K
GC Heap History (6 events):
Event: 3.489 GC heap before
{Heap before GC invocations=0 (full 0):
 garbage-first heap   total 63488K, used 13312K [0x00000000c2800000, 0x0000000100000000)
  region size 1024K, 13 young (13312K), 0 survivors (0K)
 Metaspace       used 4623K, committed 4800K, reserved 1114112K
  class space    used 538K, committed 640K, reserved 1048576K
}
Event: 3.500 GC heap after
{Heap after GC invocations=1 (full 0):
 garbage-first heap   total 63488K, used 6336K [0x00000000c2800000, 0x0000000100000000)
  region size 1024K, 2 young (2048K), 2 survivors (2048K)
 Metaspace       used 4623K, committed 4800K, reserved 1114112K
  class space    used 538K, committed 640K, reserved 1048576K
}
Event: 4.988 GC heap before
{Heap before GC invocations=1 (full 0):
 garbage-first heap   total 63488K, used 18624K [0x00000000c2800000, 0x0000000100000000)
  region size 1024K, 14 young (14336K), 2 survivors (2048K)
 Metaspace       used 8298K, committed 8512K, reserved 1114112K
  class space    used 1008K, committed 1088K, reserved 1048576K
}
Event: 4.997 GC heap after
{Heap after GC invocations=2 (full 0):
 garbage-first heap   total 63488K, used 8199K [0x00000000c2800000, 0x0000000100000000)
  region size 1024K, 2 young (2048K), 2 survivors (2048K)
 Metaspace       used 8298K, committed 8512K, reserved 1114112K
  class space    used 1008K, committed 1088K, reserved 1048576K
}
Event: 6.143 GC heap before
{Heap before GC invocations=2 (full 0):
 garbage-first heap   total 63488K, used 28679K [0x00000000c2800000, 0x0000000100000000)
  region size 1024K, 23 young (23552K), 2 survivors (2048K)
 Metaspace       used 12476K, committed 12800K, reserved 1114112K
  class space    used 1627K, committed 1792K, reserved 1048576K
}
Event: 6.150 GC heap after
{Heap after GC invocations=3 (full 0):
 garbage-first heap   total 63488K, used 9703K [0x00000000c2800000, 0x0000000100000000)
  region size 1024K, 2 young (2048K), 2 survivors (2048K)
 Metaspace       used 12476K, committed 12800K, reserved 1114112K
  class space    used 1627K, committed 1792K, reserved 1048576K
}

